<?xml version="1.0" encoding="UTF-8"?>
<testng-results ignored="0" total="3" passed="3" failed="0" skipped="0">
  <reporter-output>
  </reporter-output>
  <suite started-at="2024-11-30T13:07:36 IST" name="Default suite" finished-at="2024-11-30T13:07:38 IST" duration-ms="2127">
    <groups>
    </groups>
    <test started-at="2024-11-30T13:07:36 IST" name="Default test" finished-at="2024-11-30T13:07:38 IST" duration-ms="2127">
      <class name="AddLibrary">
        <test-method signature="addBook(java.lang.String,java.lang.String)[pri:0, instance:AddLibrary@506ae4d4]" started-at="2024-11-30T13:07:36 IST" name="addBook" data-provider="booksData" finished-at="2024-11-30T13:07:38 IST" duration-ms="1796" status="PASS">
          <params>
            <param index="0">
              <value>
                <![CDATA[Book1]]>
              </value>
            </param>
            <param index="1">
              <value>
                <![CDATA[2334]]>
              </value>
            </param>
          </params>
          <reporter-output>
          </reporter-output>
        </test-method> <!-- addBook -->
        <test-method signature="addBook(java.lang.String,java.lang.String)[pri:0, instance:AddLibrary@506ae4d4]" started-at="2024-11-30T13:07:38 IST" name="addBook" data-provider="booksData" finished-at="2024-11-30T13:07:38 IST" duration-ms="148" status="PASS">
          <params>
            <param index="0">
              <value>
                <![CDATA[book2]]>
              </value>
            </param>
            <param index="1">
              <value>
                <![CDATA[3788]]>
              </value>
            </param>
          </params>
          <reporter-output>
          </reporter-output>
        </test-method> <!-- addBook -->
        <test-method signature="addBook(java.lang.String,java.lang.String)[pri:0, instance:AddLibrary@506ae4d4]" started-at="2024-11-30T13:07:38 IST" name="addBook" data-provider="booksData" finished-at="2024-11-30T13:07:38 IST" duration-ms="137" status="PASS">
          <params>
            <param index="0">
              <value>
                <![CDATA[book3]]>
              </value>
            </param>
            <param index="1">
              <value>
                <![CDATA[37839]]>
              </value>
            </param>
          </params>
          <reporter-output>
          </reporter-output>
        </test-method> <!-- addBook -->
      </class> <!-- AddLibrary -->
    </test> <!-- Default test -->
  </suite> <!-- Default suite -->
</testng-results>
